<?xml version="1.0" encoding="UTF-8"?>
<!-- Generated by org.testng.reporters.JUnitXMLReporter -->
<testsuite hostname="SHIVAKUMAR-QA" ignored="0" name="Radgate Web Import" tests="7" failures="1" timestamp="03 May 2024 08:55:55 GMT" time="37.693" errors="0">
  <testcase name="loginPageTitleTest" time="0.039" classname="com.qa.radgate.tests.LoginPageTest"/>
  <testcase name="loginTest" time="3.602" classname="com.qa.radgate.tests.LoginPageTest"/>
  <testcase name="trialSelectPageTest" time="2.22" classname="com.qa.radgate.tests.LoginPageTest"/>
  <testcase name="selectSiteIdTest" time="4.231" classname="com.qa.radgate.tests.LoginPageTest"/>
  <testcase name="selectSubjectIdTest" time="2.171" classname="com.qa.radgate.tests.LoginPageTest"/>
  <testcase name="importFormNavigationTest" time="1.067" classname="com.qa.radgate.tests.LoginPageTest"/>
  <testcase name="webImportPageNavigationTest" time="1.48" classname="com.qa.radgate.tests.LoginPageTest">
    <failure type="java.lang.AssertionError" message="expected [Import Tool ] but found [Import Tool]">
      <![CDATA[java.lang.AssertionError: expected [Import Tool ] but found [Import Tool]
at org.testng.Assert.fail(Assert.java:96)
at org.testng.Assert.failNotEquals(Assert.java:776)
at org.testng.Assert.assertEqualsImpl(Assert.java:137)
at org.testng.Assert.assertEquals(Assert.java:118)
at org.testng.Assert.assertEquals(Assert.java:453)
at org.testng.Assert.assertEquals(Assert.java:463)
at com.qa.radgate.tests.LoginPageTest.webImportPageNavigationTest(LoginPageTest.java:76)
at sun.reflect.NativeMethodAccessorImpl.invoke0(Native Method)
at sun.reflect.NativeMethodAccessorImpl.invoke(Unknown Source)
at sun.reflect.DelegatingMethodAccessorImpl.invoke(Unknown Source)
at java.lang.reflect.Method.invoke(Unknown Source)
at org.testng.internal.MethodInvocationHelper.invokeMethod(MethodInvocationHelper.java:124)
at org.testng.internal.Invoker.invokeMethod(Invoker.java:583)
at org.testng.internal.Invoker.invokeTestMethod(Invoker.java:719)
at org.testng.internal.Invoker.invokeTestMethods(Invoker.java:989)
at org.testng.internal.TestMethodWorker.invokeTestMethods(TestMethodWorker.java:125)
at org.testng.internal.TestMethodWorker.run(TestMethodWorker.java:109)
at org.testng.TestRunner.privateRun(TestRunner.java:648)
at org.testng.TestRunner.run(TestRunner.java:505)
at org.testng.SuiteRunner.runTest(SuiteRunner.java:455)
at org.testng.SuiteRunner.runSequentially(SuiteRunner.java:450)
at org.testng.SuiteRunner.privateRun(SuiteRunner.java:415)
at org.testng.SuiteRunner.run(SuiteRunner.java:364)
at org.testng.SuiteRunnerWorker.runSuite(SuiteRunnerWorker.java:52)
at org.testng.SuiteRunnerWorker.run(SuiteRunnerWorker.java:84)
at org.testng.TestNG.runSuitesSequentially(TestNG.java:1208)
at org.testng.TestNG.runSuitesLocally(TestNG.java:1137)
at org.testng.TestNG.runSuites(TestNG.java:1049)
at org.testng.TestNG.run(TestNG.java:1017)
at org.testng.remote.AbstractRemoteTestNG.run(AbstractRemoteTestNG.java:115)
at org.testng.remote.RemoteTestNG.initAndRun(RemoteTestNG.java:251)
at org.testng.remote.RemoteTestNG.main(RemoteTestNG.java:77)
]]>
    </failure>
  </testcase> <!-- webImportPageNavigationTest -->
</testsuite> <!-- Radgate Web Import -->
