<?xml version="1.0" encoding="UTF-8"?>
<testng-results skipped="0" failed="1" ignored="0" total="7" passed="6">
  <reporter-output>
  </reporter-output>
  <suite name="ICPUpgrade Test PW Suite" duration-ms="37693" started-at="2024-05-03T08:55:17Z" finished-at="2024-05-03T08:55:55Z">
    <groups>
    </groups>
    <test name="Radgate Web Import" duration-ms="37693" started-at="2024-05-03T08:55:17Z" finished-at="2024-05-03T08:55:55Z">
      <class name="com.qa.radgate.tests.LoginPageTest">
        <test-method status="PASS" signature="setUp()[pri:0, instance:com.qa.radgate.tests.LoginPageTest@c038203]" name="setUp" is-config="true" duration-ms="22794" started-at="2024-05-03T08:55:17Z" finished-at="2024-05-03T08:55:40Z">
          <reporter-output>
          </reporter-output>
        </test-method> <!-- setUp -->
        <test-method status="PASS" signature="loginPageTitleTest()[pri:1, instance:com.qa.radgate.tests.LoginPageTest@c038203]" name="loginPageTitleTest" duration-ms="39" started-at="2024-05-03T08:55:40Z" finished-at="2024-05-03T08:55:40Z">
          <reporter-output>
          </reporter-output>
        </test-method> <!-- loginPageTitleTest -->
        <test-method status="PASS" signature="loginTest()[pri:2, instance:com.qa.radgate.tests.LoginPageTest@c038203]" name="loginTest" duration-ms="3602" started-at="2024-05-03T08:55:40Z" finished-at="2024-05-03T08:55:43Z">
          <reporter-output>
          </reporter-output>
        </test-method> <!-- loginTest -->
        <test-method status="PASS" signature="trialSelectPageTest(java.lang.String)[pri:3, instance:com.qa.radgate.tests.LoginPageTest@c038203]" name="trialSelectPageTest" duration-ms="2220" started-at="2024-05-03T08:55:43Z" finished-at="2024-05-03T08:55:46Z">
          <params>
            <param index="0">
              <value>
                <![CDATA[Bayer_21197_OBR]]>
              </value>
            </param>
          </params>
          <reporter-output>
          </reporter-output>
        </test-method> <!-- trialSelectPageTest -->
        <test-method status="PASS" signature="selectSiteIdTest(java.lang.String)[pri:4, instance:com.qa.radgate.tests.LoginPageTest@c038203]" name="selectSiteIdTest" duration-ms="4231" started-at="2024-05-03T08:55:46Z" finished-at="2024-05-03T08:55:50Z">
          <params>
            <param index="0">
              <value>
                <![CDATA[99999]]>
              </value>
            </param>
          </params>
          <reporter-output>
          </reporter-output>
        </test-method> <!-- selectSiteIdTest -->
        <test-method status="PASS" signature="selectSubjectIdTest(java.lang.String, java.lang.String)[pri:5, instance:com.qa.radgate.tests.LoginPageTest@c038203]" name="selectSubjectIdTest" duration-ms="2171" started-at="2024-05-03T08:55:50Z" finished-at="2024-05-03T08:55:52Z">
          <params>
            <param index="0">
              <value>
                <![CDATA[99999]]>
              </value>
            </param>
            <param index="1">
              <value>
                <![CDATA[999993510]]>
              </value>
            </param>
          </params>
          <reporter-output>
          </reporter-output>
        </test-method> <!-- selectSubjectIdTest -->
        <test-method status="PASS" signature="importFormNavigationTest()[pri:6, instance:com.qa.radgate.tests.LoginPageTest@c038203]" name="importFormNavigationTest" duration-ms="1067" started-at="2024-05-03T08:55:52Z" finished-at="2024-05-03T08:55:53Z">
          <reporter-output>
          </reporter-output>
        </test-method> <!-- importFormNavigationTest -->
        <test-method status="FAIL" signature="webImportPageNavigationTest(java.lang.String, java.lang.String, java.lang.String, java.lang.String)[pri:7, instance:com.qa.radgate.tests.LoginPageTest@c038203]" name="webImportPageNavigationTest" duration-ms="1480" started-at="2024-05-03T08:55:53Z" finished-at="2024-05-03T08:55:55Z">
          <params>
            <param index="0">
              <value>
                <![CDATA[999993510]]>
              </value>
            </param>
            <param index="1">
              <value>
                <![CDATA[Study_period_1]]>
              </value>
            </param>
            <param index="2">
              <value>
                <![CDATA[MR]]>
              </value>
            </param>
            <param index="3">
              <value>
                <![CDATA[12:42:52]]>
              </value>
            </param>
          </params>
          <exception class="java.lang.AssertionError">
            <message>
              <![CDATA[expected [Import Tool ] but found [Import Tool]]]>
            </message>
            <full-stacktrace>
              <![CDATA[java.lang.AssertionError: expected [Import Tool ] but found [Import Tool]
at org.testng.Assert.fail(Assert.java:96)
at org.testng.Assert.failNotEquals(Assert.java:776)
at org.testng.Assert.assertEqualsImpl(Assert.java:137)
at org.testng.Assert.assertEquals(Assert.java:118)
at org.testng.Assert.assertEquals(Assert.java:453)
at org.testng.Assert.assertEquals(Assert.java:463)
at com.qa.radgate.tests.LoginPageTest.webImportPageNavigationTest(LoginPageTest.java:76)
at sun.reflect.NativeMethodAccessorImpl.invoke0(Native Method)
at sun.reflect.NativeMethodAccessorImpl.invoke(Unknown Source)
at sun.reflect.DelegatingMethodAccessorImpl.invoke(Unknown Source)
at java.lang.reflect.Method.invoke(Unknown Source)
at org.testng.internal.MethodInvocationHelper.invokeMethod(MethodInvocationHelper.java:124)
at org.testng.internal.Invoker.invokeMethod(Invoker.java:583)
at org.testng.internal.Invoker.invokeTestMethod(Invoker.java:719)
at org.testng.internal.Invoker.invokeTestMethods(Invoker.java:989)
at org.testng.internal.TestMethodWorker.invokeTestMethods(TestMethodWorker.java:125)
at org.testng.internal.TestMethodWorker.run(TestMethodWorker.java:109)
at org.testng.TestRunner.privateRun(TestRunner.java:648)
at org.testng.TestRunner.run(TestRunner.java:505)
at org.testng.SuiteRunner.runTest(SuiteRunner.java:455)
at org.testng.SuiteRunner.runSequentially(SuiteRunner.java:450)
at org.testng.SuiteRunner.privateRun(SuiteRunner.java:415)
at org.testng.SuiteRunner.run(SuiteRunner.java:364)
at org.testng.SuiteRunnerWorker.runSuite(SuiteRunnerWorker.java:52)
at org.testng.SuiteRunnerWorker.run(SuiteRunnerWorker.java:84)
at org.testng.TestNG.runSuitesSequentially(TestNG.java:1208)
at org.testng.TestNG.runSuitesLocally(TestNG.java:1137)
at org.testng.TestNG.runSuites(TestNG.java:1049)
at org.testng.TestNG.run(TestNG.java:1017)
at org.testng.remote.AbstractRemoteTestNG.run(AbstractRemoteTestNG.java:115)
at org.testng.remote.RemoteTestNG.initAndRun(RemoteTestNG.java:251)
at org.testng.remote.RemoteTestNG.main(RemoteTestNG.java:77)
]]>
            </full-stacktrace>
          </exception> <!-- java.lang.AssertionError -->
          <reporter-output>
          </reporter-output>
        </test-method> <!-- webImportPageNavigationTest -->
        <test-method status="PASS" signature="tearDown()[pri:0, instance:com.qa.radgate.tests.LoginPageTest@c038203]" name="tearDown" is-config="true" duration-ms="1" started-at="2024-05-03T08:55:55Z" finished-at="2024-05-03T08:55:55Z">
          <reporter-output>
          </reporter-output>
        </test-method> <!-- tearDown -->
      </class> <!-- com.qa.radgate.tests.LoginPageTest -->
    </test> <!-- Radgate Web Import -->
  </suite> <!-- ICPUpgrade Test PW Suite -->
</testng-results>
