<?xml version="1.0" encoding="UTF-8"?>
<!-- Generated by org.testng.reporters.JUnitReportReporter -->
<testsuite skipped="0" hostname="SHIVAKUMAR-QA" name="com.qa.radgate.tests.LoginPageTest" tests="18" failures="1" timestamp="12 May 2024 02:26:09 GMT" time="46.234" errors="0">
  <testcase name="loginPageTitleTest" time="0.037" classname="com.qa.radgate.tests.LoginPageTest"/>
  <testcase name="loginPageTitleTest" time="0.021" classname="com.qa.radgate.tests.LoginPageTest"/>
  <testcase name="loginTest" time="3.843" classname="com.qa.radgate.tests.LoginPageTest"/>
  <testcase name="loginTest" time="4.584" classname="com.qa.radgate.tests.LoginPageTest"/>
  <testcase name="trialSelectPageTest" time="2.155" classname="com.qa.radgate.tests.LoginPageTest"/>
  <testcase name="trialSelectPageTest" time="2.139" classname="com.qa.radgate.tests.LoginPageTest"/>
  <testcase name="selectSiteIdTest" time="4.215" classname="com.qa.radgate.tests.LoginPageTest"/>
  <testcase name="selectSiteIdTest" time="4.195" classname="com.qa.radgate.tests.LoginPageTest"/>
  <testcase name="selectSubjectIdTest" time="2.196" classname="com.qa.radgate.tests.LoginPageTest"/>
  <testcase name="selectSubjectIdTest" time="2.174" classname="com.qa.radgate.tests.LoginPageTest"/>
  <testcase name="importFormNavigationTest" time="0.456" classname="com.qa.radgate.tests.LoginPageTest"/>
  <testcase name="importFormNavigationTest" time="0.425" classname="com.qa.radgate.tests.LoginPageTest"/>
  <testcase name="webImportPageNavigationTest" time="0.702" classname="com.qa.radgate.tests.LoginPageTest"/>
  <testcase name="webImportPageNavigationTest" time="0.785" classname="com.qa.radgate.tests.LoginPageTest"/>
  <testcase name="webImportFileBrowseTest" time="4.254" classname="com.qa.radgate.tests.LoginPageTest">
    <failure type="java.lang.AssertionError" message="expected [https://icp4.corelabinabox.com/import-tool-web/#/import-tool/list-series] but found [https://icp4.corelabinabox.com/import-tool-web/#/import-tool/dtf]">
      <![CDATA[java.lang.AssertionError: expected [https://icp4.corelabinabox.com/import-tool-web/#/import-tool/list-series] but found [https://icp4.corelabinabox.com/import-tool-web/#/import-tool/dtf]
at org.testng.Assert.fail(Assert.java:96)
at org.testng.Assert.failNotEquals(Assert.java:776)
at org.testng.Assert.assertEqualsImpl(Assert.java:137)
at org.testng.Assert.assertEquals(Assert.java:118)
at org.testng.Assert.assertEquals(Assert.java:453)
at org.testng.Assert.assertEquals(Assert.java:463)
at com.qa.radgate.tests.LoginPageTest.webImportFileBrowseTest(LoginPageTest.java:83)
at sun.reflect.NativeMethodAccessorImpl.invoke0(Native Method)
at sun.reflect.NativeMethodAccessorImpl.invoke(Unknown Source)
at sun.reflect.DelegatingMethodAccessorImpl.invoke(Unknown Source)
at java.lang.reflect.Method.invoke(Unknown Source)
at org.testng.internal.MethodInvocationHelper.invokeMethod(MethodInvocationHelper.java:124)
at org.testng.internal.Invoker.invokeMethod(Invoker.java:583)
at org.testng.internal.Invoker.invokeTestMethod(Invoker.java:719)
at org.testng.internal.Invoker.invokeTestMethods(Invoker.java:989)
at org.testng.internal.TestMethodWorker.invokeTestMethods(TestMethodWorker.java:125)
at org.testng.internal.TestMethodWorker.run(TestMethodWorker.java:109)
at java.util.concurrent.ThreadPoolExecutor.runWorker(Unknown Source)
at java.util.concurrent.ThreadPoolExecutor$Worker.run(Unknown Source)
at java.lang.Thread.run(Unknown Source)
]]>
    </failure>
  </testcase> <!-- webImportFileBrowseTest -->
  <testcase name="webImportFileBrowseTest" time="5.253" classname="com.qa.radgate.tests.LoginPageTest"/>
  <testcase name="dcmSelectCheckboxTest" time="5.070" classname="com.qa.radgate.tests.LoginPageTest"/>
  <testcase name="dcmSelectCheckboxTest" time="3.730" classname="com.qa.radgate.tests.LoginPageTest"/>
</testsuite> <!-- com.qa.radgate.tests.LoginPageTest -->
